<?xml version="1.0" encoding="UTF-8"?>
<!-- Generated by org.testng.reporters.JUnitXMLReporter -->
<testsuite hostname="FadeeQA" ignored="0" tests="24" failures="0" timestamp="2022-04-28T18:10:37 IDT" time="52.6" errors="0">
  <testcase name="CheckiSiteOpened" time="0.008" classname="Start"/>
  <testcase name="Startbuton" time="0.077" classname="Start"/>
  <testcase name="typequsetion1" time="9.389" classname="Start"/>
  <testcase name="nextbtn" time="0.056" classname="Start"/>
  <testcase name="typeanswer" time="3.271" classname="Start"/>
  <testcase name="selectanswer" time="0.046" classname="Start"/>
  <testcase name="nextbtn11" time="0.034" classname="Start"/>
  <testcase name="typequsetion2" time="0.736" classname="Start"/>
  <testcase name="nextbtn2" time="0.034" classname="Start"/>
  <testcase name="typeanswer2" time="2.921" classname="Start"/>
  <testcase name="selectanswer2" time="0.042" classname="Start"/>
  <testcase name="nextbtn22" time="0.049" classname="Start"/>
  <testcase name="typequsetion3" time="1.501" classname="Start"/>
  <testcase name="nextbtn3" time="0.029" classname="Start"/>
  <testcase name="typeanswer3" time="3.105" classname="Start"/>
  <testcase name="selectanswer3" time="0.04" classname="Start"/>
  <testcase name="nextbtn33" time="0.046" classname="Start"/>
  <testcase name="checkfinishedbuildtest" time="0.009" classname="Start"/>
  <testcase name="Startplay" time="0.042" classname="Start"/>
  <testcase name="wronganswer" time="5.366" classname="Start"/>
  <testcase name="Statuswronganswer" time="2.05" classname="Start"/>
  <testcase name="correctanswer" time="5.379" classname="Start"/>
  <testcase name="Statuscorrectanswer" time="2.078" classname="Start"/>
  <testcase name="OpenFacebookk" time="5.424" classname="Start"/>
</testsuite>
